{"uid":"e2d1e0ae7cc6c210","name":"test_add_employee","fullName":"test_PIM#test_add_employee","historyId":"85d1faee2af433dccdc475158be8a6ac","time":{"start":1756568193159,"stop":1756568227459,"duration":34300},"status":"broken","statusMessage":"selenium.common.exceptions.TimeoutException: Message: \nStacktrace:\n0   chromedriver                        0x0000000100bf4b38 cxxbridge1$str$ptr + 2722088\n1   chromedriver                        0x0000000100becaa8 cxxbridge1$str$ptr + 2689176\n2   chromedriver                        0x000000010073e33c cxxbridge1$string$len + 90648\n3   chromedriver                        0x0000000100785494 cxxbridge1$string$len + 381808\n4   chromedriver                        0x00000001007c6880 cxxbridge1$string$len + 649052\n5   chromedriver                        0x0000000100779784 cxxbridge1$string$len + 333408\n6   chromedriver                        0x0000000100bb7eb4 cxxbridge1$str$ptr + 2473124\n7   chromedriver                        0x0000000100bbb120 cxxbridge1$str$ptr + 2486032\n8   chromedriver                        0x0000000100b996b4 cxxbridge1$str$ptr + 2348196\n9   chromedriver                        0x0000000100bbb9dc cxxbridge1$str$ptr + 2488268\n10  chromedriver                        0x0000000100b8a730 cxxbridge1$str$ptr + 2286880\n11  chromedriver                        0x0000000100bdb5f8 cxxbridge1$str$ptr + 2618344\n12  chromedriver                        0x0000000100bdb784 cxxbridge1$str$ptr + 2618740\n13  chromedriver                        0x0000000100bec6e4 cxxbridge1$str$ptr + 2688212\n14  libsystem_pthread.dylib             0x000000018508ec0c _pthread_start + 136\n15  libsystem_pthread.dylib             0x0000000185089b80 thread_start + 8","statusTrace":"login_as_admin = <selenium.webdriver.chrome.webdriver.WebDriver (session=\"df358d365bf43c71d667bd0373ec8664\")>\n\n    def test_add_employee(login_as_admin):\n        driver = login_as_admin\n        wait = WebDriverWait(driver,30)\n        pim_tab = wait.until(EC.element_to_be_clickable((By.LINK_TEXT, \"PIM\")))\n        pim_tab.click()\n    \n        add_pim = wait.until(EC.element_to_be_clickable((By.XPATH, \"//a[normalize-space()='Add Employee']\")))\n        add_pim.click()\n    \n        #firstname\n        firstname = wait.until(EC.visibility_of_element_located((By.XPATH, \"//input[@placeholder='First Name']\")))\n        firstname.send_keys(\"Ei\")\n    \n        #middlename\n        middlename = wait.until(EC.visibility_of_element_located((By.XPATH, \"//input[@placeholder='Middle Name']\")))\n        middlename.send_keys(\"Ei\")\n    \n        #lastname\n        lastname = wait.until(EC.visibility_of_element_located((By.XPATH,\"//input[@placeholder='Last Name']\")))\n        lastname.send_keys(\"Khaing\")\n    \n        '''file upload\n        1. find >>input type = file\n        2. abspath >> os.path.abspath(file location)\n        3. send_keys'''\n    \n        file_input = wait.until(EC.presence_of_element_located((By.XPATH, \"//input[@type='file']\")))\n        img_source = os.path.abspath(\"./resources/1.png\")\n        file_input.send_keys(img_source)\n    \n        #confirm file upload\n        upload_pic = wait.until(EC.presence_of_element_located((By.CLASS_NAME,\"employee-image\"))).get_attribute(\"src\")\n        assert \"/web/images/default-photo.png\" not in upload_pic, \"image upload fail\"\n    \n        toogle = wait.until(EC.element_to_be_clickable((By.XPATH, \"//span[@class='oxd-switch-input oxd-switch-input--active --label-right']\")))\n        toogle.click()\n        #username\n        wait.until(EC.presence_of_element_located((By.XPATH, \"//label[text()='Username']/following::div[1]/input\"))).send_keys(\"EiEiN\")\n    \n        #enable\n        enable = wait.until(EC.element_to_be_clickable((By.XPATH,\"//label[normalize-space()='Enabled']\")))\n        enable.click()\n        #password\n        wait.until(EC.presence_of_element_located((By.XPATH, \"//label[text()='Password']/following::div[1]/input\"))).send_keys(\"Admin123\")\n    \n        #confirm pass\n        wait.until(EC.presence_of_element_located((By.XPATH, \"//label[text()='Confirm Password']/following::div[1]/input\"))).send_keys(\"Admin123\")\n    \n        save_btn = wait.until(EC.element_to_be_clickable((By.XPATH,\"//button[@type='submit']\")))\n        save_btn.click()\n    \n>       toast = wait.until(EC.presence_of_element_located((By.XPATH, \"//*[contains(.,'Successfully')]\")))\n                ^^^^^^^^^^^^^^^^^^^^^^^^^^^^^^^^^^^^^^^^^^^^^^^^^^^^^^^^^^^^^^^^^^^^^^^^^^^^^^^^^^^^^^^^^\n\ntest_PIM.py:60: \n_ _ _ _ _ _ _ _ _ _ _ _ _ _ _ _ _ _ _ _ _ _ _ _ _ _ _ _ _ _ _ _ _ _ _ _ _ _ _ _ _ _ _ _ _ _ _ _ _ _ _ _ _ _ _ _ _ _ _ _ _ _ _ _\n\nself = <selenium.webdriver.support.wait.WebDriverWait (session=\"df358d365bf43c71d667bd0373ec8664\")>\nmethod = <function presence_of_element_located.<locals>._predicate at 0x10489d3a0>, message = ''\n\n    def until(self, method: Callable[[D], Union[Literal[False], T]], message: str = \"\") -> T:\n        \"\"\"Wait until the method returns a value that is not False.\n    \n        Calls the method provided with the driver as an argument until the\n        return value does not evaluate to ``False``.\n    \n        Parameters:\n        -----------\n        method: callable(WebDriver)\n            - A callable object that takes a WebDriver instance as an argument.\n    \n        message: str\n            - Optional message for :exc:`TimeoutException`\n    \n        Return:\n        -------\n        object: T\n            - The result of the last call to `method`\n    \n        Raises:\n        -------\n        TimeoutException\n            - If 'method' does not return a truthy value within the WebDriverWait\n            object's timeout\n    \n        Example:\n        --------\n        >>> from selenium.webdriver.common.by import By\n        >>> from selenium.webdriver.support.ui import WebDriverWait\n        >>> from selenium.webdriver.support import expected_conditions as EC\n    \n        # Wait until an element is visible on the page\n        >>> wait = WebDriverWait(driver, 10)\n        >>> element = wait.until(EC.visibility_of_element_located((By.ID, \"exampleId\")))\n        >>> print(element.text)\n        \"\"\"\n        screen = None\n        stacktrace = None\n    \n        end_time = time.monotonic() + self._timeout\n        while True:\n            try:\n                value = method(self._driver)\n                if value:\n                    return value\n            except self._ignored_exceptions as exc:\n                screen = getattr(exc, \"screen\", None)\n                stacktrace = getattr(exc, \"stacktrace\", None)\n            if time.monotonic() > end_time:\n                break\n            time.sleep(self._poll)\n>       raise TimeoutException(message, screen, stacktrace)\nE       selenium.common.exceptions.TimeoutException: Message: \nE       Stacktrace:\nE       0   chromedriver                        0x0000000100bf4b38 cxxbridge1$str$ptr + 2722088\nE       1   chromedriver                        0x0000000100becaa8 cxxbridge1$str$ptr + 2689176\nE       2   chromedriver                        0x000000010073e33c cxxbridge1$string$len + 90648\nE       3   chromedriver                        0x0000000100785494 cxxbridge1$string$len + 381808\nE       4   chromedriver                        0x00000001007c6880 cxxbridge1$string$len + 649052\nE       5   chromedriver                        0x0000000100779784 cxxbridge1$string$len + 333408\nE       6   chromedriver                        0x0000000100bb7eb4 cxxbridge1$str$ptr + 2473124\nE       7   chromedriver                        0x0000000100bbb120 cxxbridge1$str$ptr + 2486032\nE       8   chromedriver                        0x0000000100b996b4 cxxbridge1$str$ptr + 2348196\nE       9   chromedriver                        0x0000000100bbb9dc cxxbridge1$str$ptr + 2488268\nE       10  chromedriver                        0x0000000100b8a730 cxxbridge1$str$ptr + 2286880\nE       11  chromedriver                        0x0000000100bdb5f8 cxxbridge1$str$ptr + 2618344\nE       12  chromedriver                        0x0000000100bdb784 cxxbridge1$str$ptr + 2618740\nE       13  chromedriver                        0x0000000100bec6e4 cxxbridge1$str$ptr + 2688212\nE       14  libsystem_pthread.dylib             0x000000018508ec0c _pthread_start + 136\nE       15  libsystem_pthread.dylib             0x0000000185089b80 thread_start + 8\n\n.venv/lib/python3.13/site-packages/selenium/webdriver/support/wait.py:138: TimeoutException","flaky":false,"newFailed":false,"newBroken":false,"newPassed":false,"retriesCount":7,"retriesStatusChange":true,"beforeStages":[{"name":"setup_teardown","time":{"start":1756568186059,"stop":1756568191298,"duration":5239},"status":"passed","steps":[],"attachments":[],"parameters":[],"shouldDisplayMessage":false,"attachmentsCount":0,"stepsCount":0,"hasContent":false,"attachmentStep":false},{"name":"login_as_admin","time":{"start":1756568191299,"stop":1756568193157,"duration":1858},"status":"passed","steps":[],"attachments":[],"parameters":[],"shouldDisplayMessage":false,"attachmentsCount":0,"stepsCount":0,"hasContent":false,"attachmentStep":false}],"afterStages":[{"name":"setup_teardown::0","time":{"start":1756568227505,"stop":1756568227505,"duration":0},"status":"passed","steps":[],"attachments":[],"parameters":[],"shouldDisplayMessage":false,"attachmentsCount":0,"stepsCount":0,"hasContent":false,"attachmentStep":false}],"labels":[{"name":"suite","value":"test_PIM"},{"name":"host","value":"192.168.1.7.non-exists.ptr.local"},{"name":"thread","value":"4838-MainThread"},{"name":"framework","value":"pytest"},{"name":"language","value":"cpython3"},{"name":"package","value":"test_PIM"},{"name":"resultFormat","value":"allure2"}],"parameters":[],"links":[],"hidden":false,"retry":false,"extra":{"severity":"normal","retries":[{"uid":"86bd12e5f5091546","status":"broken","statusDetails":"selenium.common.exceptions.InvalidSelectorException: Message: invalid selector: Unable to locate an element with the xpath expression //label[text()='Driver/'s License Number']/following::div/input because of the following error:\nSyntaxError: Failed to execute 'evaluate' on 'Document': The string '//label[text()='Driver/'s License Number']/following::div/input' is not a valid XPath expression.\n  (Session info: chrome=139.0.7258.155); For documentation on this error, please visit: https://www.selenium.dev/documentation/webdriver/troubleshooting/errors#invalidselectorexception\nStacktrace:\n0   chromedriver                        0x0000000104fa8b38 cxxbridge1$str$ptr + 2722088\n1   chromedriver                        0x0000000104fa0aa8 cxxbridge1$str$ptr + 2689176\n2   chromedriver                        0x0000000104af233c cxxbridge1$string$len + 90648\n3   chromedriver                        0x0000000104af7ff0 cxxbridge1$string$len + 114380\n4   chromedriver                        0x0000000104afa334 cxxbridge1$string$len + 123408\n5   chromedriver                        0x0000000104afa3dc cxxbridge1$string$len + 123576\n6   chromedriver                        0x0000000104b39064 cxxbridge1$string$len + 380736\n7   chromedriver                        0x0000000104b7a880 cxxbridge1$string$len + 649052\n8   chromedriver                        0x0000000104b2d784 cxxbridge1$string$len + 333408\n9   chromedriver                        0x0000000104f6beb4 cxxbridge1$str$ptr + 2473124\n10  chromedriver                        0x0000000104f6f120 cxxbridge1$str$ptr + 2486032\n11  chromedriver                        0x0000000104f4d6b4 cxxbridge1$str$ptr + 2348196\n12  chromedriver                        0x0000000104f6f9dc cxxbridge1$str$ptr + 2488268\n13  chromedriver                        0x0000000104f3e730 cxxbridge1$str$ptr + 2286880\n14  chromedriver                        0x0000000104f8f5f8 cxxbridge1$str$ptr + 2618344\n15  chromedriver                        0x0000000104f8f784 cxxbridge1$str$ptr + 2618740\n16  chromedriver                        0x0000000104fa06e4 cxxbridge1$str$ptr + 2688212\n17  libsystem_pthread.dylib             0x000000018508ec0c _pthread_start + 136\n18  libsystem_pthread.dylib             0x0000000185089b80 thread_start + 8","time":{"start":1756568071448,"stop":1756568087321,"duration":15873}},{"uid":"40ec242dd52d2e7a","status":"broken","statusDetails":"selenium.common.exceptions.InvalidSelectorException: Message: invalid selector: Unable to locate an element with the xpath expression //label[text()='Driver's License Number']/following::div/input because of the following error:\nSyntaxError: Failed to execute 'evaluate' on 'Document': The string '//label[text()='Driver's License Number']/following::div/input' is not a valid XPath expression.\n  (Session info: chrome=139.0.7258.155); For documentation on this error, please visit: https://www.selenium.dev/documentation/webdriver/troubleshooting/errors#invalidselectorexception\nStacktrace:\n0   chromedriver                        0x00000001013d0b38 cxxbridge1$str$ptr + 2722088\n1   chromedriver                        0x00000001013c8aa8 cxxbridge1$str$ptr + 2689176\n2   chromedriver                        0x0000000100f1a33c cxxbridge1$string$len + 90648\n3   chromedriver                        0x0000000100f1fff0 cxxbridge1$string$len + 114380\n4   chromedriver                        0x0000000100f22334 cxxbridge1$string$len + 123408\n5   chromedriver                        0x0000000100f223dc cxxbridge1$string$len + 123576\n6   chromedriver                        0x0000000100f61064 cxxbridge1$string$len + 380736\n7   chromedriver                        0x0000000100fa2880 cxxbridge1$string$len + 649052\n8   chromedriver                        0x0000000100f55784 cxxbridge1$string$len + 333408\n9   chromedriver                        0x0000000101393eb4 cxxbridge1$str$ptr + 2473124\n10  chromedriver                        0x0000000101397120 cxxbridge1$str$ptr + 2486032\n11  chromedriver                        0x00000001013756b4 cxxbridge1$str$ptr + 2348196\n12  chromedriver                        0x00000001013979dc cxxbridge1$str$ptr + 2488268\n13  chromedriver                        0x0000000101366730 cxxbridge1$str$ptr + 2286880\n14  chromedriver                        0x00000001013b75f8 cxxbridge1$str$ptr + 2618344\n15  chromedriver                        0x00000001013b7784 cxxbridge1$str$ptr + 2618740\n16  chromedriver                        0x00000001013c86e4 cxxbridge1$str$ptr + 2688212\n17  libsystem_pthread.dylib             0x000000018508ec0c _pthread_start + 136\n18  libsystem_pthread.dylib             0x0000000185089b80 thread_start + 8","time":{"start":1756567900868,"stop":1756567912434,"duration":11566}},{"uid":"f7cf84035b1e804f","status":"broken","statusDetails":"selenium.common.exceptions.TimeoutException: Message: \nStacktrace:\n0   chromedriver                        0x0000000100948b38 cxxbridge1$str$ptr + 2722088\n1   chromedriver                        0x0000000100940aa8 cxxbridge1$str$ptr + 2689176\n2   chromedriver                        0x000000010049233c cxxbridge1$string$len + 90648\n3   chromedriver                        0x00000001004d9494 cxxbridge1$string$len + 381808\n4   chromedriver                        0x000000010051a880 cxxbridge1$string$len + 649052\n5   chromedriver                        0x00000001004cd784 cxxbridge1$string$len + 333408\n6   chromedriver                        0x000000010090beb4 cxxbridge1$str$ptr + 2473124\n7   chromedriver                        0x000000010090f120 cxxbridge1$str$ptr + 2486032\n8   chromedriver                        0x00000001008ed6b4 cxxbridge1$str$ptr + 2348196\n9   chromedriver                        0x000000010090f9dc cxxbridge1$str$ptr + 2488268\n10  chromedriver                        0x00000001008de730 cxxbridge1$str$ptr + 2286880\n11  chromedriver                        0x000000010092f5f8 cxxbridge1$str$ptr + 2618344\n12  chromedriver                        0x000000010092f784 cxxbridge1$str$ptr + 2618740\n13  chromedriver                        0x00000001009406e4 cxxbridge1$str$ptr + 2688212\n14  libsystem_pthread.dylib             0x000000018508ec0c _pthread_start + 136\n15  libsystem_pthread.dylib             0x0000000185089b80 thread_start + 8","time":{"start":1756567843883,"stop":1756567880384,"duration":36501}},{"uid":"3f561ca9244eb6e5","status":"passed","time":{"start":1756566101643,"stop":1756566116127,"duration":14484}},{"uid":"1eaf557eaa016b84","status":"broken","statusDetails":"selenium.common.exceptions.ElementClickInterceptedException: Message: element click intercepted: Element <span data-v-8e4757dc=\"\" class=\"oxd-switch-input oxd-switch-input--active --label-right\"></span> is not clickable at point (820, 434). Other element would receive the click: <div data-v-d5bfe35b=\"\" class=\"oxd-form-loader\">...</div>\n  (Session info: chrome=139.0.7258.155); For documentation on this error, please visit: https://www.selenium.dev/documentation/webdriver/troubleshooting/errors#elementclickinterceptedexception\nStacktrace:\n0   chromedriver                        0x000000010307cb38 cxxbridge1$str$ptr + 2722088\n1   chromedriver                        0x0000000103074aa8 cxxbridge1$str$ptr + 2689176\n2   chromedriver                        0x0000000102bc633c cxxbridge1$string$len + 90648\n3   chromedriver                        0x0000000102c12ff8 cxxbridge1$string$len + 405204\n4   chromedriver                        0x0000000102c11564 cxxbridge1$string$len + 398400\n5   chromedriver                        0x0000000102c0f378 cxxbridge1$string$len + 389716\n6   chromedriver                        0x0000000102c0e774 cxxbridge1$string$len + 386640\n7   chromedriver                        0x0000000102c032a8 cxxbridge1$string$len + 340356\n8   chromedriver                        0x0000000102c02d34 cxxbridge1$string$len + 338960\n9   chromedriver                        0x0000000102c4e880 cxxbridge1$string$len + 649052\n10  chromedriver                        0x0000000102c01784 cxxbridge1$string$len + 333408\n11  chromedriver                        0x000000010303feb4 cxxbridge1$str$ptr + 2473124\n12  chromedriver                        0x0000000103043120 cxxbridge1$str$ptr + 2486032\n13  chromedriver                        0x00000001030216b4 cxxbridge1$str$ptr + 2348196\n14  chromedriver                        0x00000001030439dc cxxbridge1$str$ptr + 2488268\n15  chromedriver                        0x0000000103012730 cxxbridge1$str$ptr + 2286880\n16  chromedriver                        0x00000001030635f8 cxxbridge1$str$ptr + 2618344\n17  chromedriver                        0x0000000103063784 cxxbridge1$str$ptr + 2618740\n18  chromedriver                        0x00000001030746e4 cxxbridge1$str$ptr + 2688212\n19  libsystem_pthread.dylib             0x000000018508ec0c _pthread_start + 136\n20  libsystem_pthread.dylib             0x0000000185089b80 thread_start + 8","time":{"start":1756566029719,"stop":1756566037645,"duration":7926}},{"uid":"812861597820aabb","status":"passed","time":{"start":1756565800135,"stop":1756565806785,"duration":6650}},{"uid":"baeeb38faca9e278","status":"broken","statusDetails":"selenium.common.exceptions.ElementClickInterceptedException: Message: element click intercepted: Element <input data-v-7ef819fd=\"\" type=\"radio\" value=\"2\"> is not clickable at point (1397, 498). Other element would receive the click: <span data-v-7ef819fd=\"\" class=\"oxd-radio-input oxd-radio-input--active --label-right oxd-radio-input\"></span>\n  (Session info: chrome=139.0.7258.155); For documentation on this error, please visit: https://www.selenium.dev/documentation/webdriver/troubleshooting/errors#elementclickinterceptedexception\nStacktrace:\n0   chromedriver                        0x0000000104650b38 cxxbridge1$str$ptr + 2722088\n1   chromedriver                        0x0000000104648aa8 cxxbridge1$str$ptr + 2689176\n2   chromedriver                        0x000000010419a33c cxxbridge1$string$len + 90648\n3   chromedriver                        0x00000001041e6ff8 cxxbridge1$string$len + 405204\n4   chromedriver                        0x00000001041e5564 cxxbridge1$string$len + 398400\n5   chromedriver                        0x00000001041e3378 cxxbridge1$string$len + 389716\n6   chromedriver                        0x00000001041e2774 cxxbridge1$string$len + 386640\n7   chromedriver                        0x00000001041d72a8 cxxbridge1$string$len + 340356\n8   chromedriver                        0x00000001041d6d34 cxxbridge1$string$len + 338960\n9   chromedriver                        0x0000000104222880 cxxbridge1$string$len + 649052\n10  chromedriver                        0x00000001041d5784 cxxbridge1$string$len + 333408\n11  chromedriver                        0x0000000104613eb4 cxxbridge1$str$ptr + 2473124\n12  chromedriver                        0x0000000104617120 cxxbridge1$str$ptr + 2486032\n13  chromedriver                        0x00000001045f56b4 cxxbridge1$str$ptr + 2348196\n14  chromedriver                        0x00000001046179dc cxxbridge1$str$ptr + 2488268\n15  chromedriver                        0x00000001045e6730 cxxbridge1$str$ptr + 2286880\n16  chromedriver                        0x00000001046375f8 cxxbridge1$str$ptr + 2618344\n17  chromedriver                        0x0000000104637784 cxxbridge1$str$ptr + 2618740\n18  chromedriver                        0x00000001046486e4 cxxbridge1$str$ptr + 2688212\n19  libsystem_pthread.dylib             0x000000018508ec0c _pthread_start + 136\n20  libsystem_pthread.dylib             0x0000000185089b80 thread_start + 8","time":{"start":1756565462870,"stop":1756565471297,"duration":8427}}],"categories":[{"name":"Test defects","matchedStatuses":[]}],"history":{"statistic":{"failed":0,"broken":4,"skipped":0,"passed":0,"unknown":0,"total":4},"items":[{"uid":"82ccd45f195db7bf","reportUrl":"http://localhost:8080/job/QABatch7/3/allure/#testresult/82ccd45f195db7bf","status":"broken","statusDetails":"selenium.common.exceptions.TimeoutException: Message: \nStacktrace:\n0   chromedriver                        0x0000000100bf4b38 cxxbridge1$str$ptr + 2722088\n1   chromedriver                        0x0000000100becaa8 cxxbridge1$str$ptr + 2689176\n2   chromedriver                        0x000000010073e33c cxxbridge1$string$len + 90648\n3   chromedriver                        0x0000000100785494 cxxbridge1$string$len + 381808\n4   chromedriver                        0x00000001007c6880 cxxbridge1$string$len + 649052\n5   chromedriver                        0x0000000100779784 cxxbridge1$string$len + 333408\n6   chromedriver                        0x0000000100bb7eb4 cxxbridge1$str$ptr + 2473124\n7   chromedriver                        0x0000000100bbb120 cxxbridge1$str$ptr + 2486032\n8   chromedriver                        0x0000000100b996b4 cxxbridge1$str$ptr + 2348196\n9   chromedriver                        0x0000000100bbb9dc cxxbridge1$str$ptr + 2488268\n10  chromedriver                        0x0000000100b8a730 cxxbridge1$str$ptr + 2286880\n11  chromedriver                        0x0000000100bdb5f8 cxxbridge1$str$ptr + 2618344\n12  chromedriver                        0x0000000100bdb784 cxxbridge1$str$ptr + 2618740\n13  chromedriver                        0x0000000100bec6e4 cxxbridge1$str$ptr + 2688212\n14  libsystem_pthread.dylib             0x000000018508ec0c _pthread_start + 136\n15  libsystem_pthread.dylib             0x0000000185089b80 thread_start + 8","time":{"start":1756568193159,"stop":1756568227459,"duration":34300}},{"uid":"1f4fc5ea43df49bc","reportUrl":"http://localhost:8080/job/QABatch7/2/allure/#testresult/1f4fc5ea43df49bc","status":"broken","statusDetails":"selenium.common.exceptions.TimeoutException: Message: \nStacktrace:\n0   chromedriver                        0x0000000100bf4b38 cxxbridge1$str$ptr + 2722088\n1   chromedriver                        0x0000000100becaa8 cxxbridge1$str$ptr + 2689176\n2   chromedriver                        0x000000010073e33c cxxbridge1$string$len + 90648\n3   chromedriver                        0x0000000100785494 cxxbridge1$string$len + 381808\n4   chromedriver                        0x00000001007c6880 cxxbridge1$string$len + 649052\n5   chromedriver                        0x0000000100779784 cxxbridge1$string$len + 333408\n6   chromedriver                        0x0000000100bb7eb4 cxxbridge1$str$ptr + 2473124\n7   chromedriver                        0x0000000100bbb120 cxxbridge1$str$ptr + 2486032\n8   chromedriver                        0x0000000100b996b4 cxxbridge1$str$ptr + 2348196\n9   chromedriver                        0x0000000100bbb9dc cxxbridge1$str$ptr + 2488268\n10  chromedriver                        0x0000000100b8a730 cxxbridge1$str$ptr + 2286880\n11  chromedriver                        0x0000000100bdb5f8 cxxbridge1$str$ptr + 2618344\n12  chromedriver                        0x0000000100bdb784 cxxbridge1$str$ptr + 2618740\n13  chromedriver                        0x0000000100bec6e4 cxxbridge1$str$ptr + 2688212\n14  libsystem_pthread.dylib             0x000000018508ec0c _pthread_start + 136\n15  libsystem_pthread.dylib             0x0000000185089b80 thread_start + 8","time":{"start":1756568193159,"stop":1756568227459,"duration":34300}},{"uid":"ca04afa1a8c1e638","reportUrl":"http://localhost:8080/job/QABatch7/1/allure/#testresult/ca04afa1a8c1e638","status":"broken","statusDetails":"selenium.common.exceptions.TimeoutException: Message: \nStacktrace:\n0   chromedriver                        0x0000000100bf4b38 cxxbridge1$str$ptr + 2722088\n1   chromedriver                        0x0000000100becaa8 cxxbridge1$str$ptr + 2689176\n2   chromedriver                        0x000000010073e33c cxxbridge1$string$len + 90648\n3   chromedriver                        0x0000000100785494 cxxbridge1$string$len + 381808\n4   chromedriver                        0x00000001007c6880 cxxbridge1$string$len + 649052\n5   chromedriver                        0x0000000100779784 cxxbridge1$string$len + 333408\n6   chromedriver                        0x0000000100bb7eb4 cxxbridge1$str$ptr + 2473124\n7   chromedriver                        0x0000000100bbb120 cxxbridge1$str$ptr + 2486032\n8   chromedriver                        0x0000000100b996b4 cxxbridge1$str$ptr + 2348196\n9   chromedriver                        0x0000000100bbb9dc cxxbridge1$str$ptr + 2488268\n10  chromedriver                        0x0000000100b8a730 cxxbridge1$str$ptr + 2286880\n11  chromedriver                        0x0000000100bdb5f8 cxxbridge1$str$ptr + 2618344\n12  chromedriver                        0x0000000100bdb784 cxxbridge1$str$ptr + 2618740\n13  chromedriver                        0x0000000100bec6e4 cxxbridge1$str$ptr + 2688212\n14  libsystem_pthread.dylib             0x000000018508ec0c _pthread_start + 136\n15  libsystem_pthread.dylib             0x0000000185089b80 thread_start + 8","time":{"start":1756568193159,"stop":1756568227459,"duration":34300}}]},"tags":[]},"source":"e2d1e0ae7cc6c210.json","parameterValues":[]}